C:\USERS\JING\DESKTOP\计算机\CODES\BK1_C3_10\BK1_C3_10\DEBUG\MAIN.OBJ
C:\USERS\JING\DESKTOP\计算机\CODES\BK1_C3_10\BK1_C3_10\DEBUG\VC110.PDB
C:\USERS\JING\DESKTOP\计算机\CODES\BK1_C3_10\DEBUG\BK1_C3_10.ILK
C:\USERS\JING\DESKTOP\计算机\CODES\BK1_C3_10\DEBUG\BK1_C3_10.EXE
C:\USERS\JING\DESKTOP\计算机\CODES\BK1_C3_10\DEBUG\BK1_C3_10.PDB
C:\Users\Jing\Desktop\计算机\codes\Bk1_c3_10\Bk1_c3_10\Debug\main.obj
C:\Users\Jing\Desktop\计算机\codes\Bk1_c3_10\Bk1_c3_10\Debug\cl.command.1.tlog
C:\Users\Jing\Desktop\计算机\codes\Bk1_c3_10\Bk1_c3_10\Debug\CL.read.1.tlog
C:\Users\Jing\Desktop\计算机\codes\Bk1_c3_10\Bk1_c3_10\Debug\CL.write.1.tlog
C:\Users\Jing\Desktop\计算机\codes\Bk1_c3_10\Bk1_c3_10\Debug\link-cvtres.read.1.tlog
C:\Users\Jing\Desktop\计算机\codes\Bk1_c3_10\Bk1_c3_10\Debug\link-cvtres.write.1.tlog
C:\Users\Jing\Desktop\计算机\codes\Bk1_c3_10\Bk1_c3_10\Debug\link-rc.read.1.tlog
C:\Users\Jing\Desktop\计算机\codes\Bk1_c3_10\Bk1_c3_10\Debug\link-rc.write.1.tlog
C:\Users\Jing\Desktop\计算机\codes\Bk1_c3_10\Bk1_c3_10\Debug\link.command.1.tlog
C:\Users\Jing\Desktop\计算机\codes\Bk1_c3_10\Bk1_c3_10\Debug\link.read.1.tlog
C:\Users\Jing\Desktop\计算机\codes\Bk1_c3_10\Bk1_c3_10\Debug\link.write.1.tlog
C:\Users\Jing\Desktop\计算机\codes\Bk1_c3_10\Bk1_c3_10\Debug\vc110.idb
C:\Users\Jing\Desktop\计算机\codes\Bk1_c3_10\Bk1_c3_10\Debug\vc110.pdb
C:\Users\Jing\Desktop\计算机\codes\Bk1_c3_10\Debug\Bk1_c3_10.pdb
C:\Users\Jing\Desktop\计算机\codes\Bk1_c3_10\Debug\Bk1_c3_10.exe
C:\Users\Jing\Desktop\计算机\codes\Bk1_c3_10\Debug\Bk1_c3_10.ilk
