C:\USERS\JING\DESKTOP\计算机\CODES\BK1_C3_19-20\BK1_C3_19-20\DEBUG\VC110.PDB
C:\USERS\JING\DESKTOP\计算机\CODES\BK1_C3_19-20\BK1_C3_19-20\DEBUG\MAIN.OBJ
C:\USERS\JING\DESKTOP\计算机\CODES\BK1_C3_19-20\BK1_C3_19-20\DEBUG\MAIN_VECTOR.OBJ
C:\USERS\JING\DESKTOP\计算机\CODES\BK1_C3_19-20\BK1_C3_19-20\DEBUG\MAIN_STACK.OBJ
C:\Users\Jing\Desktop\计算机\codes\BK1_c3_19-20\BK1_c3_19-20\Debug\main.obj
C:\Users\Jing\Desktop\计算机\codes\BK1_c3_19-20\BK1_c3_19-20\Debug\main_stack.obj
C:\Users\Jing\Desktop\计算机\codes\BK1_c3_19-20\BK1_c3_19-20\Debug\main_vector.obj
C:\Users\Jing\Desktop\计算机\codes\BK1_c3_19-20\BK1_c3_19-20\Debug\cl.command.1.tlog
C:\Users\Jing\Desktop\计算机\codes\BK1_c3_19-20\BK1_c3_19-20\Debug\CL.read.1.tlog
C:\Users\Jing\Desktop\计算机\codes\BK1_c3_19-20\BK1_c3_19-20\Debug\CL.write.1.tlog
C:\Users\Jing\Desktop\计算机\codes\BK1_c3_19-20\BK1_c3_19-20\Debug\link-cvtres.read.1.tlog
C:\Users\Jing\Desktop\计算机\codes\BK1_c3_19-20\BK1_c3_19-20\Debug\link-cvtres.write.1.tlog
C:\Users\Jing\Desktop\计算机\codes\BK1_c3_19-20\BK1_c3_19-20\Debug\link-rc.read.1.tlog
C:\Users\Jing\Desktop\计算机\codes\BK1_c3_19-20\BK1_c3_19-20\Debug\link-rc.write.1.tlog
C:\Users\Jing\Desktop\计算机\codes\BK1_c3_19-20\BK1_c3_19-20\Debug\link.5800-cvtres.read.1.tlog
C:\Users\Jing\Desktop\计算机\codes\BK1_c3_19-20\BK1_c3_19-20\Debug\link.5800-cvtres.write.1.tlog
C:\Users\Jing\Desktop\计算机\codes\BK1_c3_19-20\BK1_c3_19-20\Debug\link.5800-rc.read.1.tlog
C:\Users\Jing\Desktop\计算机\codes\BK1_c3_19-20\BK1_c3_19-20\Debug\link.5800-rc.write.1.tlog
C:\Users\Jing\Desktop\计算机\codes\BK1_c3_19-20\BK1_c3_19-20\Debug\link.5800.read.1.tlog
C:\Users\Jing\Desktop\计算机\codes\BK1_c3_19-20\BK1_c3_19-20\Debug\link.5800.write.1.tlog
C:\Users\Jing\Desktop\计算机\codes\BK1_c3_19-20\BK1_c3_19-20\Debug\link.9668-cvtres.read.1.tlog
C:\Users\Jing\Desktop\计算机\codes\BK1_c3_19-20\BK1_c3_19-20\Debug\link.9668-cvtres.write.1.tlog
C:\Users\Jing\Desktop\计算机\codes\BK1_c3_19-20\BK1_c3_19-20\Debug\link.9668-rc.read.1.tlog
C:\Users\Jing\Desktop\计算机\codes\BK1_c3_19-20\BK1_c3_19-20\Debug\link.9668-rc.write.1.tlog
C:\Users\Jing\Desktop\计算机\codes\BK1_c3_19-20\BK1_c3_19-20\Debug\link.9668.read.1.tlog
C:\Users\Jing\Desktop\计算机\codes\BK1_c3_19-20\BK1_c3_19-20\Debug\link.9668.write.1.tlog
C:\Users\Jing\Desktop\计算机\codes\BK1_c3_19-20\BK1_c3_19-20\Debug\link.command.1.tlog
C:\Users\Jing\Desktop\计算机\codes\BK1_c3_19-20\BK1_c3_19-20\Debug\link.read.1.tlog
C:\Users\Jing\Desktop\计算机\codes\BK1_c3_19-20\BK1_c3_19-20\Debug\link.write.1.tlog
C:\Users\Jing\Desktop\计算机\codes\BK1_c3_19-20\BK1_c3_19-20\Debug\vc110.idb
C:\Users\Jing\Desktop\计算机\codes\BK1_c3_19-20\BK1_c3_19-20\Debug\vc110.pdb
C:\Users\Jing\Desktop\计算机\codes\BK1_c3_19-20\Debug\BK1_c3_19-20.pdb
